<?xml version="1.0" encoding="UTF-8"?>
<!-- Generated by org.testng.reporters.JUnitXMLReporter -->
<testsuite ignored="4" hostname="Tanmay" failures="0" tests="2" name="NewDemoTestNg" time="0.127" errors="0" timestamp="2023-11-04T06:25:41 IST">
  <testcase classname="NewDemoTestNG.Group1" name="java" time="0.017"/>
  <testcase classname="NewDemoTestNG.Group1" name="python" time="0.003"/>
  <testcase classname="NewDemoTestNG.Group2" name="c" time="0.0">
    <ignored/>
  </testcase> <!-- c -->
  <testcase classname="NewDemoTestNG.Group1" name="Selenium" time="0.0">
    <ignored/>
  </testcase> <!-- Selenium -->
  <testcase classname="NewDemoTestNG.Group2" name="ApiAutomation" time="0.0">
    <ignored/>
  </testcase> <!-- ApiAutomation -->
  <testcase classname="NewDemoTestNG.Group2" name="restAssured" time="0.0">
    <ignored/>
  </testcase> <!-- restAssured -->
</testsuite> <!-- NewDemoTestNg -->
