<?xml version="1.0" encoding="UTF-8"?>
<!-- Generated by org.testng.reporters.JUnitXMLReporter -->
<testsuite ignored="0" hostname="Tanmay" failures="1" tests="3" name="Test" time="0.131" errors="0" timestamp="2023-11-05T06:06:36 IST">
  <testcase classname="Listenerss.ListenersClass" name="SuccesMethod" time="0.014"/>
  <testcase classname="Listenerss.ListenersClass" name="failedMethod" time="0.007">
    <failure type="java.lang.AssertionError">
      <![CDATA[java.lang.AssertionError
at org.junit.Assert.fail(Assert.java:86)
at org.junit.Assert.assertTrue(Assert.java:41)
at org.junit.Assert.assertTrue(Assert.java:52)
at Listenerss.ListenersClass.failedMethod(ListenersClass.java:18)
at java.base/java.util.ArrayList.forEach(ArrayList.java:1540)
... Removed 27 stack frames]]>
    </failure>
  </testcase> <!-- failedMethod -->
  <testcase classname="Listenerss.ListenersClass" name="skippedMethod" time="0.002">
    <skipped/>
  </testcase> <!-- skippedMethod -->
</testsuite> <!-- Test -->
